# JRE version: OpenJDK Runtime Environment Temurin-21.0.6+7 (21.0.6+7) (build 21.0.6+7-LTS)
# Java VM: OpenJDK 64-Bit Server VM Temurin-21.0.6+7 (21.0.6+7-LTS, mixed mode, sharing, tiered, compressed oops, compressed class ptrs, g1 gc, bsd-aarch64)
Heap:
 garbage-first heap   total 133120K, used 37593K [0x0000000780000000, 0x0000000800000000)
  region size 1024K, 18 young (18432K), 1 survivors (1024K)
 Metaspace       used 7902K, committed 8128K, reserved 1114112K
  class space    used 796K, committed 896K, reserved 1048576K
GC Heap History (20 events):
Event: 6289.539 GC heap before
{Heap before GC invocations=23 (full 0):
 garbage-first heap   total 133120K, used 97498K [0x0000000780000000, 0x0000000800000000)
  region size 1024K, 76 young (77824K), 1 survivors (1024K)
 Metaspace       used 7902K, committed 8128K, reserved 1114112K
  class space    used 796K, committed 896K, reserved 1048576K
}
Event: 6289.619 GC heap after
{Heap after GC invocations=24 (full 0):
 garbage-first heap   total 133120K, used 20698K [0x0000000780000000, 0x0000000800000000)
  region size 1024K, 1 young (1024K), 1 survivors (1024K)
 Metaspace       used 7902K, committed 8128K, reserved 1114112K
  class space    used 796K, committed 896K, reserved 1048576K
}
Event: 6581.532 GC heap before
{Heap before GC invocations=24 (full 0):
 garbage-first heap   total 133120K, used 97498K [0x0000000780000000, 0x0000000800000000)
  region size 1024K, 76 young (77824K), 1 survivors (1024K)
 Metaspace       used 7902K, committed 8128K, reserved 1114112K
  class space    used 796K, committed 896K, reserved 1048576K
}
Event: 6581.540 GC heap after
{Heap after GC invocations=25 (full 0):
 garbage-first heap   total 133120K, used 20694K [0x0000000780000000, 0x0000000800000000)
  region size 1024K, 1 young (1024K), 1 survivors (1024K)
 Metaspace       used 7902K, committed 8128K, reserved 1114112K
  class space    used 796K, committed 896K, reserved 1048576K
}
Event: 6855.959 GC heap before
{Heap before GC invocations=25 (full 0):
 garbage-first heap   total 133120K, used 97494K [0x0000000780000000, 0x0000000800000000)
  region size 1024K, 76 young (77824K), 1 survivors (1024K)
 Metaspace       used 7902K, committed 8128K, reserved 1114112K
  class space    used 796K, committed 896K, reserved 1048576K
}
Event: 6855.965 GC heap after
{Heap after GC invocations=26 (full 0):
 garbage-first heap   total 133120K, used 20698K [0x0000000780000000, 0x0000000800000000)
  region size 1024K, 1 young (1024K), 1 survivors (1024K)
 Metaspace       used 7902K, committed 8128K, reserved 1114112K
  class space    used 796K, committed 896K, reserved 1048576K
}
Event: 7144.919 GC heap before
{Heap before GC invocations=26 (full 0):
 garbage-first heap   total 133120K, used 97498K [0x0000000780000000, 0x0000000800000000)
  region size 1024K, 76 young (77824K), 1 survivors (1024K)
 Metaspace       used 7902K, committed 8128K, reserved 1114112K
  class space    used 796K, committed 896K, reserved 1048576K
}
Event: 7144.927 GC heap after
{Heap after GC invocations=27 (full 0):
 garbage-first heap   total 133120K, used 20696K [0x0000000780000000, 0x0000000800000000)
  region size 1024K, 1 young (1024K), 1 survivors (1024K)
 Metaspace       used 7902K, committed 8128K, reserved 1114112K
  class space    used 796K, committed 896K, reserved 1048576K
}
Event: 7419.661 GC heap before
{Heap before GC invocations=27 (full 0):
 garbage-first heap   total 133120K, used 97496K [0x0000000780000000, 0x0000000800000000)
  region size 1024K, 76 young (77824K), 1 survivors (1024K)
 Metaspace       used 7902K, committed 8128K, reserved 1114112K
  class space    used 796K, committed 896K, reserved 1048576K
}
Event: 7419.669 GC heap after
{Heap after GC invocations=28 (full 0):
 garbage-first heap   total 133120K, used 20696K [0x0000000780000000, 0x0000000800000000)
  region size 1024K, 1 young (1024K), 1 survivors (1024K)
 Metaspace       used 7902K, committed 8128K, reserved 1114112K
  class space    used 796K, committed 896K, reserved 1048576K
}
Event: 7695.075 GC heap before
{Heap before GC invocations=28 (full 0):
 garbage-first heap   total 133120K, used 97496K [0x0000000780000000, 0x0000000800000000)
  region size 1024K, 76 young (77824K), 1 survivors (1024K)
 Metaspace       used 7902K, committed 8128K, reserved 1114112K
  class space    used 796K, committed 896K, reserved 1048576K
}
Event: 7695.083 GC heap after
{Heap after GC invocations=29 (full 0):
 garbage-first heap   total 133120K, used 20698K [0x0000000780000000, 0x0000000800000000)
  region size 1024K, 1 young (1024K), 1 survivors (1024K)
 Metaspace       used 7902K, committed 8128K, reserved 1114112K
  class space    used 796K, committed 896K, reserved 1048576K
}
Event: 7969.728 GC heap before
{Heap before GC invocations=29 (full 0):
 garbage-first heap   total 133120K, used 97498K [0x0000000780000000, 0x0000000800000000)
  region size 1024K, 76 young (77824K), 1 survivors (1024K)
 Metaspace       used 7902K, committed 8128K, reserved 1114112K
  class space    used 796K, committed 896K, reserved 1048576K
}
Event: 7969.733 GC heap after
{Heap after GC invocations=30 (full 0):
 garbage-first heap   total 133120K, used 20694K [0x0000000780000000, 0x0000000800000000)
  region size 1024K, 1 young (1024K), 1 survivors (1024K)
 Metaspace       used 7902K, committed 8128K, reserved 1114112K
  class space    used 796K, committed 896K, reserved 1048576K
}
Event: 8246.778 GC heap before
{Heap before GC invocations=30 (full 0):
 garbage-first heap   total 133120K, used 97494K [0x0000000780000000, 0x0000000800000000)
  region size 1024K, 76 young (77824K), 1 survivors (1024K)
 Metaspace       used 7902K, committed 8128K, reserved 1114112K
  class space    used 796K, committed 896K, reserved 1048576K
}
Event: 8246.785 GC heap after
{Heap after GC invocations=31 (full 0):
 garbage-first heap   total 133120K, used 20696K [0x0000000780000000, 0x0000000800000000)
  region size 1024K, 1 young (1024K), 1 survivors (1024K)
 Metaspace       used 7902K, committed 8128K, reserved 1114112K
  class space    used 796K, committed 896K, reserved 1048576K
}
Event: 8556.726 GC heap before
{Heap before GC invocations=31 (full 0):
 garbage-first heap   total 133120K, used 97496K [0x0000000780000000, 0x0000000800000000)
  region size 1024K, 76 young (77824K), 1 survivors (1024K)
 Metaspace       used 7902K, committed 8128K, reserved 1114112K
  class space    used 796K, committed 896K, reserved 1048576K
}
Event: 8556.734 GC heap after
{Heap after GC invocations=32 (full 0):
 garbage-first heap   total 133120K, used 20694K [0x0000000780000000, 0x0000000800000000)
  region size 1024K, 1 young (1024K), 1 survivors (1024K)
 Metaspace       used 7902K, committed 8128K, reserved 1114112K
  class space    used 796K, committed 896K, reserved 1048576K
}
Event: 8859.782 GC heap before
{Heap before GC invocations=32 (full 0):
 garbage-first heap   total 133120K, used 97494K [0x0000000780000000, 0x0000000800000000)
  region size 1024K, 76 young (77824K), 1 survivors (1024K)
 Metaspace       used 7902K, committed 8128K, reserved 1114112K
  class space    used 796K, committed 896K, reserved 1048576K
}
Event: 8859.787 GC heap after
{Heap after GC invocations=33 (full 0):
 garbage-first heap   total 133120K, used 20697K [0x0000000780000000, 0x0000000800000000)
  region size 1024K, 1 young (1024K), 1 survivors (1024K)
 Metaspace       used 7902K, committed 8128K, reserved 1114112K
  class space    used 796K, committed 896K, reserved 1048576K
}

